[0m09:27:34.360029 [debug] [MainThread]: Sending event: {'category': 'dbt', 'action': 'invocation', 'label': 'start', 'context': [<snowplow_tracker.self_describing_json.SelfDescribingJson object at 0x00000256E2174A90>, <snowplow_tracker.self_describing_json.SelfDescribingJson object at 0x00000256E2112F50>, <snowplow_tracker.self_describing_json.SelfDescribingJson object at 0x00000256E2146BD0>]}


============================== 09:27:34.365565 | 4f19bf3f-0b61-4fa5-a5a2-4afed1555694 ==============================
[0m09:27:34.365565 [info ] [MainThread]: Running with dbt=1.11.11
[0m09:27:34.365565 [debug] [MainThread]: running dbt with arguments {'version_check': 'True', 'no_print': 'None', 'static_parser': 'True', 'target_path': 'None', 'warn_error_options': 'WarnErrorOptionsV2(error=[], warn=[], silence=[])', 'printer_width': '80', 'write_json': 'True', 'introspect': 'True', 'log_cache_events': 'False', 'empty': 'None', 'cache_selected_only': 'False', 'fail_fast': 'False', 'debug': 'False', 'log_format': 'default', 'partial_parse': 'True', 'send_anonymous_usage_stats': 'True', 'quiet': 'False', 'warn_error': 'None', 'profiles_dir': 'C:\\Users\\giu_r\\.dbt', 'invocation_command': 'dbt init dbt_ecommerce', 'use_colors': 'True', 'indirect_selection': 'eager', 'use_experimental_parser': 'False', 'log_path': 'logs'}
[0m09:27:34.380221 [debug] [MainThread]: Starter project path: C:\Users\giu_r\pipeline-ecommerce-Project\venv\Lib\site-packages\dbt\include\starter_project
[0m09:27:34.396169 [info ] [MainThread]: 
Your new dbt project "dbt_ecommerce" was created!

For more information on how to configure the profiles.yml file,
please consult the dbt documentation here:

  https://docs.getdbt.com/docs/configure-your-profile

One more thing:

Need help? Don't hesitate to reach out to us via GitHub issues or on Slack:

  https://community.getdbt.com/

Happy modeling!

[0m09:27:34.397098 [info ] [MainThread]: Setting up your profile.
[0m09:36:41.064425 [info ] [MainThread]: Profile dbt_ecommerce written to C:\Users\giu_r\.dbt\profiles.yml using target's profile_template.yml and your supplied values. Run 'dbt debug' to validate the connection.
[0m09:36:41.066437 [debug] [MainThread]: Command `dbt init` succeeded at 09:36:41.064425 after 546.79 seconds
[0m09:36:41.066437 [debug] [MainThread]: Sending event: {'category': 'dbt', 'action': 'invocation', 'label': 'end', 'context': [<snowplow_tracker.self_describing_json.SelfDescribingJson object at 0x00000256E204AE50>, <snowplow_tracker.self_describing_json.SelfDescribingJson object at 0x00000256E204AC90>, <snowplow_tracker.self_describing_json.SelfDescribingJson object at 0x00000256E206D790>]}
[0m09:36:41.067445 [debug] [MainThread]: Flushing usage events
[0m09:36:41.903812 [debug] [MainThread]: An error was encountered while trying to flush usage events
